0 info it worked if it ends with ok
1 verbose cli [ '/home/pringon/.nvm/versions/node/v6.9.0/bin/node',
1 verbose cli   '/home/pringon/.nvm/versions/node/v6.9.0/bin/npm',
1 verbose cli   'start' ]
2 info using npm@3.10.8
3 info using node@v6.9.0
4 verbose run-script [ 'prestart', 'start', 'poststart' ]
5 info lifecycle PROJECT_NAME@1.0.0~prestart: PROJECT_NAME@1.0.0
6 silly lifecycle PROJECT_NAME@1.0.0~prestart: no script for prestart, continuing
7 info lifecycle PROJECT_NAME@1.0.0~start: PROJECT_NAME@1.0.0
8 verbose lifecycle PROJECT_NAME@1.0.0~start: unsafe-perm in lifecycle true
9 verbose lifecycle PROJECT_NAME@1.0.0~start: PATH: /home/pringon/.nvm/versions/node/v6.9.0/lib/node_modules/npm/bin/node-gyp-bin:/home/pringon/Dev/projects/express-typescript/node_modules/.bin:/home/pringon/Dev/projects/express-typescript/node_modules/.bin:/home/pringon/.nvm/versions/node/v6.9.0/lib/node_modules/npm/bin/node-gyp-bin:/home/pringon/Dev/projects/express-typescript/node_modules/.bin:/home/pringon/.nvm/versions/node/v6.9.0/bin:/home/pringon/.local/bin:/usr/local/sbin:/usr/local/bin:/usr/sbin:/usr/bin:/sbin:/bin:/usr/games:/usr/local/games:/snap/bin:/opt/flutter/bin
10 verbose lifecycle PROJECT_NAME@1.0.0~start: CWD: /home/pringon/Dev/projects/express-typescript
11 silly lifecycle PROJECT_NAME@1.0.0~start: Args: [ '-c', 'npm run build && node dist/index.js' ]
12 silly lifecycle PROJECT_NAME@1.0.0~start: Returned: code: 1  signal: null
13 info lifecycle PROJECT_NAME@1.0.0~start: Failed to exec start script
14 verbose stack Error: PROJECT_NAME@1.0.0 start: `npm run build && node dist/index.js`
14 verbose stack Exit status 1
14 verbose stack     at EventEmitter.<anonymous> (/home/pringon/.nvm/versions/node/v6.9.0/lib/node_modules/npm/lib/utils/lifecycle.js:255:16)
14 verbose stack     at emitTwo (events.js:106:13)
14 verbose stack     at EventEmitter.emit (events.js:191:7)
14 verbose stack     at ChildProcess.<anonymous> (/home/pringon/.nvm/versions/node/v6.9.0/lib/node_modules/npm/lib/utils/spawn.js:40:14)
14 verbose stack     at emitTwo (events.js:106:13)
14 verbose stack     at ChildProcess.emit (events.js:191:7)
14 verbose stack     at maybeClose (internal/child_process.js:877:16)
14 verbose stack     at Process.ChildProcess._handle.onexit (internal/child_process.js:226:5)
15 verbose pkgid PROJECT_NAME@1.0.0
16 verbose cwd /home/pringon/Dev/projects/express-typescript
17 error Linux 5.0.0-13-generic
18 error argv "/home/pringon/.nvm/versions/node/v6.9.0/bin/node" "/home/pringon/.nvm/versions/node/v6.9.0/bin/npm" "start"
19 error node v6.9.0
20 error npm  v3.10.8
21 error code ELIFECYCLE
22 error PROJECT_NAME@1.0.0 start: `npm run build && node dist/index.js`
22 error Exit status 1
23 error Failed at the PROJECT_NAME@1.0.0 start script 'npm run build && node dist/index.js'.
23 error Make sure you have the latest version of node.js and npm installed.
23 error If you do, this is most likely a problem with the PROJECT_NAME package,
23 error not with npm itself.
23 error Tell the author that this fails on your system:
23 error     npm run build && node dist/index.js
23 error You can get information on how to open an issue for this project with:
23 error     npm bugs PROJECT_NAME
23 error Or if that isn't available, you can get their info via:
23 error     npm owner ls PROJECT_NAME
23 error There is likely additional logging output above.
24 verbose exit [ 1, true ]
